<?xml version="1.0" encoding="UTF-8"?>
<testng-results ignored="0" total="1" passed="1" failed="0" skipped="0">
  <reporter-output>
  </reporter-output>
  <suite started-at="2026-03-07T00:25:37 IST" name="Default suite" finished-at="2026-03-07T00:25:47 IST" duration-ms="10281">
    <groups>
    </groups>
    <test started-at="2026-03-07T00:25:37 IST" name="Default test" finished-at="2026-03-07T00:25:47 IST" duration-ms="10281">
      <class name="test_Runner.TestRunnerAll">
        <test-method is-config="true" signature="setup()[pri:0, instance:test_Runner.TestRunnerAll@477b4cdf]" started-at="2026-03-07T00:25:37 IST" name="setup" finished-at="2026-03-07T00:25:43 IST" duration-ms="6183" status="PASS">
          <reporter-output>
          </reporter-output>
        </test-method> <!-- setup -->
        <test-method signature="RunAllTestCases()[pri:0, instance:test_Runner.TestRunnerAll@477b4cdf]" started-at="2026-03-07T00:25:43 IST" name="RunAllTestCases" finished-at="2026-03-07T00:25:46 IST" duration-ms="3178" status="PASS">
          <reporter-output>
          </reporter-output>
        </test-method> <!-- RunAllTestCases -->
        <test-method is-config="true" signature="tearDown()[pri:0, instance:test_Runner.TestRunnerAll@477b4cdf]" started-at="2026-03-07T00:25:46 IST" name="tearDown" finished-at="2026-03-07T00:25:47 IST" duration-ms="818" status="PASS">
          <reporter-output>
          </reporter-output>
        </test-method> <!-- tearDown -->
      </class> <!-- test_Runner.TestRunnerAll -->
    </test> <!-- Default test -->
  </suite> <!-- Default suite -->
</testng-results>
